<?xml version="1.0" encoding="UTF-8"?>
<coverage generated="1733683936270" clover="3.2.0">
  <project timestamp="1733683936271" name="All files">
    <metrics statements="14" coveredstatements="14" conditionals="3" coveredconditionals="3" methods="1" coveredmethods="1" elements="18" coveredelements="18" complexity="0" loc="14" ncloc="14" packages="1" files="1" classes="1"/>
    <file name="ChineseRedEnvelopes.ts" path="C:\Users\Rajee\projects\CynapseCodingChallenge\src\ChineseRedEnvelopes.ts">
      <metrics statements="14" coveredstatements="14" conditionals="3" coveredconditionals="3" methods="1" coveredmethods="1"/>
      <line num="1" count="1" type="stmt"/>
      <line num="4" count="7" type="cond" truecount="3" falsecount="0"/>
      <line num="5" count="3" type="stmt"/>
      <line num="9" count="4" type="stmt"/>
      <line num="11" count="4" type="stmt"/>
      <line num="14" count="4" type="stmt"/>
      <line num="17" count="12" type="stmt"/>
      <line num="20" count="12" type="stmt"/>
      <line num="21" count="12" type="stmt"/>
      <line num="24" count="12" type="stmt"/>
      <line num="27" count="12" type="stmt"/>
      <line num="31" count="4" type="stmt"/>
      <line num="32" count="4" type="stmt"/>
      <line num="35" count="4" type="stmt"/>
    </file>
  </project>
</coverage>
