{"C:\\Users\\Rajee\\projects\\CynapseCodingChallenge\\src\\ChineseRedEnvelopes.ts": {"path":"C:\\Users\\Rajee\\projects\\CynapseCodingChallenge\\src\\ChineseRedEnvelopes.ts","statementMap":{"0":{"start":{"line":4,"column":8},"end":{"line":6,"column":9}},"1":{"start":{"line":5,"column":12},"end":{"line":5,"column":82}},"2":{"start":{"line":9,"column":41},"end":{"line":9,"column":43}},"3":{"start":{"line":11,"column":30},"end":{"line":11,"column":36}},"4":{"start":{"line":14,"column":8},"end":{"line":28,"column":9}},"5":{"start":{"line":14,"column":21},"end":{"line":14,"column":22}},"6":{"start":{"line":17,"column":40},"end":{"line":17,"column":80}},"7":{"start":{"line":20,"column":30},"end":{"line":20,"column":67}},"8":{"start":{"line":21,"column":33},"end":{"line":21,"column":62}},"9":{"start":{"line":24,"column":12},"end":{"line":24,"column":47}},"10":{"start":{"line":27,"column":12},"end":{"line":27,"column":45}},"11":{"start":{"line":31,"column":32},"end":{"line":31,"column":67}},"12":{"start":{"line":32,"column":8},"end":{"line":32,"column":45}},"13":{"start":{"line":35,"column":8},"end":{"line":35,"column":30}},"14":{"start":{"line":1,"column":0},"end":{"line":1,"column":13}}},"fnMap":{"0":{"name":"(anonymous_0)","decl":{"start":{"line":2,"column":4},"end":{"line":2,"column":10}},"loc":{"start":{"line":2,"column":52},"end":{"line":36,"column":5}}}},"branchMap":{"0":{"loc":{"start":{"line":4,"column":8},"end":{"line":6,"column":9}},"type":"if","locations":[{"start":{"line":4,"column":8},"end":{"line":6,"column":9}}]},"1":{"loc":{"start":{"line":4,"column":12},"end":{"line":4,"column":38}},"type":"binary-expr","locations":[{"start":{"line":4,"column":12},"end":{"line":4,"column":23}},{"start":{"line":4,"column":27},"end":{"line":4,"column":38}}]}},"s":{"0":7,"1":3,"2":4,"3":4,"4":4,"5":4,"6":12,"7":12,"8":12,"9":12,"10":12,"11":4,"12":4,"13":4,"14":1},"f":{"0":7},"b":{"0":[3],"1":[7,5]}}
}
